<!DOCTYPE html>
<html>
<head>

<meta http-equiv="Content-Type" content="text/html; charset=UTF-8" />

<script src="js/jquery.min.js"></script>
<script src="js/jquery.tablesorter.min.js"></script>
<script src="js/Chart.min.js"></script>
<script src="js/moment.min.js"></script>
<script src="js/bootstrap.min.js"></script>

<link rel="stylesheet" href="css/bootstrap.min.css" type="text/css"/>
<link rel="stylesheet" href="css/cucumber.css" type="text/css"/>
<link rel="stylesheet" href="css/font-awesome.min.css"/>
<link rel="shortcut icon" href="images/favicon.png"/>

<script>
$(document).ready(function() {
    // this will tell tablesorter to try looking for the data-value attribute
    // if present, it'll sort by that instead
    // otherwise, it'll sort by the text content of the table cell
    $("#tablesorter").tablesorter({
        textAttribute: 'data-value',
        // ignores the first row of the header, the 'scenario', 'steps', since
        // sorting those doesn't make sense
        selectorHeaders: '> thead tr:not(.dont-sort) th',
        // use a stable sort
        sortStable: true
    });
});
</script>











<title>Cucumber Reports (no 1) - Feature: Demo1</title>

</head>
<body>

<nav class="navbar navbar-default navbar-fixed-top" id="navigation">
  <div class="container-fluid">
    <div class="collapse navbar-collapse">
      <p class="navbar-text navbar-left">Cucumber Report</p>
      <ul class="nav navbar-nav navbar-right">
        <li role="presentation" ><a href="overview-features.html">Features</a></li>
        <li role="presentation" ><a href="overview-tags.html">Tags</a></li>
        <li role="presentation" ><a href="overview-steps.html">Steps</a></li>
        <li role="presentation" ><a href="overview-failures.html">Failures</a></li>
      </ul>
    </div>
  </div>
</nav>


<div class="container-fluid">
  <div class="col-md-5 col-md-offset-1">

<table class="table table-bordered" id="build-info">
  <thead>
    <tr>
      <th>Project</th>
        <th>Number</th>
      <th>Date</th>
    </tr>
  </thead>
  <tbody>
    <tr class="info">
      <td>Cucumber Reports</td>
        <td>1</td>
      <td>27 Nov 2021, 10:02</td>
    </tr>
  </tbody>
</table>

  </div>
  <div class="col-md-3 col-md-offset-2">
  </div>
</div>


<div id="report-lead" class="container-fluid">
  <div class="col-md-10 col-md-offset-1">
    <h2>Feature Report</h2>
  </div>
</div>


<div class="container-fluid" id="report">
  <div class="row">
    <div class="col-md-10 col-md-offset-1">
      <table class="stats-table">


<thead>
  <tr class="header dont-sort">
      <th></th>
    <th colspan="6">Steps</th>
    <th colspan="3">Scenarios</th>
    <th colspan="2">Features</th>
  </tr>
  <tr>
    <th>Feature</th>
    <th class="passed">Passed</th>
    <th class="failed">Failed</th>
    <th class="skipped">Skipped</th>
    <th class="pending">Pending</th>
    <th class="undefined">Undefined</th>
    <th class="total">Total</th>

    <th class="passed">Passed</th>
    <th class="failed">Failed</th>
    <th class="total">Total</th>

    <th>Duration</th>
    <th>Status</th>
  </tr>
</thead>


        <tbody>
        <tr>
          <td class="tagname">Demo1</td>
          <td      class="passed"    >12</td>
          <td      class="failed"    >1</td>
          <td     class="skipped"   >3</td>
          <td >0</td>
          <td >0</td>
          <td class="total">16</td>

          <td >0</td>
          <td  class="failed"    >1</td>
          <td class="total">1</td>

          <td class="duration" data-value="134865093454">2:14.865</td>
          <td class="failed">Failed</td>
        </tr>
        </tbody>

      </table>
    </div>
  </div>
</div>



<div class="container-fluid">
  <div class="row">
    <div class="col-md-1 col-md-offset-10">
      <i class="fa fa-chevron-circle-down fa-2x collapsable-control"
        onClick="javascript:$('#report .collapsable-details').collapse('show')"></i>
      <i class="fa fa-chevron-circle-up fa-2x collapsable-control"
        onClick="javascript:$('#report .collapsable-details').collapse('hide')"></i>
    </div>
  </div>
</div>


<div class="container-fluid" id="report">
  <div class="row">
    <div class="col-md-10 col-md-offset-1">
      <div class="feature">

<div class="tags indention">
</div>


<div class="brief failed">
  <span class="keyword indention">Feature</span>
  <span class="name">Demo1</span>


</div>

        <div class="description indention"></div>

        <div class="elements inner-level">

<div class="element">


<div class="tags indention">
    <b>Tags:</b>
       <a href="report-tag_788783044.html">@TC-Demo-1</a>
</div>


  <span class="lead-duration duration">2:14.865</span>


  <span data-toggle="collapse" class=" collapsable-control" data-target="#element-1">

<div class="brief failed">
  <span class="keyword indention">Scenario</span>
  <span class="name">User is able to Login and confirm data is getting transferred from GCS to BigQuery</span>


     <i class="chevron fa fa-fw"></i>
</div>

  </span>
  <div class="description indention"></div>

  <div id="element-1" class="collapse collapsable-details  in ">


  <div class="inner-level hooks-element-before">
    <div data-toggle="collapse" class=" collapsed  collapsable-control" data-target="#before-2">

<div class="brief passed">
  <span class="keyword indention">Hooks</span>
  <span class="name"></span>


     <i class="chevron fa fa-fw"></i>
</div>

    </div>

    <div id="before-2" class="inner-level collapse collapsable-details ">
        <div class="hook">
          <div class="brief passed">
            <span class="keyword indention">Before</span>
              <span class="location name">BeforeActions.setUp(Scenario)</span>

  <span class="lead-duration duration">2.012</span>

          </div>







        </div>
    </div>
  </div>



<div class="steps inner-level">
  <div data-toggle="collapse" class=" collapsable-control" data-target="#steps-3">

<div class="brief failed">
  <span class="keyword indention">Steps</span>
  <span class="name"></span>


     <i class="chevron fa fa-fw"></i>
</div>

  </div>

  <div id="steps-3" class="inner-level collapse collapsable-details  in ">
      <div class="step">


<div class="brief step-name-Given passed">
  <span class="keyword indention">Given</span>
  <span class="name">Open Datafusion Project to configure pipeline</span>

  <span class="lead-duration duration">3.786</span>

</div>















  <div class="inner-level hooks-step-after">
    <div data-toggle="collapse" class=" collapsed  collapsable-control" data-target="#after-4">

<div class="brief passed">
  <span class="keyword indention">Hooks</span>
  <span class="name"></span>


     <i class="chevron fa fa-fw"></i>
</div>

    </div>

    <div id="after-4" class="inner-level collapse collapsable-details ">
        <div class="hook">
          <div class="brief passed">
            <span class="keyword indention">After</span>
              <span class="location name">AfterActions.tearDown(Scenario)</span>

  <span class="lead-duration duration">0.183</span>

          </div>






  <div class="embeddings inner-level">
  <div class="embedding indention">
    <div data-toggle="collapse" data-target="#embedding-5" class="collapsable-control">
      <a>Attachment 1 (png)</a>
      <a href="embeddings/embedding_937908374.png" download target="_blank">
        <span class="download-button glyphicon glyphicon-download-alt"></span>
      </a>
    </div>
    <div id="embedding-5" class="collapse collapsable-details ">
      <div class="embedding-content">
        <img src="embeddings/embedding_937908374.png">
      </div>
    </div>
  </div>
  </div>

        </div>
    </div>
  </div>

      </div>
      <div class="step">


<div class="brief step-name-When passed">
  <span class="keyword indention">When</span>
  <span class="name">Source is GCS bucket</span>

  <span class="lead-duration duration">0.192</span>

</div>















  <div class="inner-level hooks-step-after">
    <div data-toggle="collapse" class=" collapsed  collapsable-control" data-target="#after-6">

<div class="brief passed">
  <span class="keyword indention">Hooks</span>
  <span class="name"></span>


     <i class="chevron fa fa-fw"></i>
</div>

    </div>

    <div id="after-6" class="inner-level collapse collapsable-details ">
        <div class="hook">
          <div class="brief passed">
            <span class="keyword indention">After</span>
              <span class="location name">AfterActions.tearDown(Scenario)</span>

  <span class="lead-duration duration">0.211</span>

          </div>






  <div class="embeddings inner-level">
  <div class="embedding indention">
    <div data-toggle="collapse" data-target="#embedding-7" class="collapsable-control">
      <a>Attachment 1 (png)</a>
      <a href="embeddings/embedding_918880263.png" download target="_blank">
        <span class="download-button glyphicon glyphicon-download-alt"></span>
      </a>
    </div>
    <div id="embedding-7" class="collapse collapsable-details ">
      <div class="embedding-content">
        <img src="embeddings/embedding_918880263.png">
      </div>
    </div>
  </div>
  </div>

        </div>
    </div>
  </div>

      </div>
      <div class="step">


<div class="brief step-name-When passed">
  <span class="keyword indention">When</span>
  <span class="name">Target is BigQuery</span>

  <span class="lead-duration duration">0.198</span>

</div>















  <div class="inner-level hooks-step-after">
    <div data-toggle="collapse" class=" collapsed  collapsable-control" data-target="#after-8">

<div class="brief passed">
  <span class="keyword indention">Hooks</span>
  <span class="name"></span>


     <i class="chevron fa fa-fw"></i>
</div>

    </div>

    <div id="after-8" class="inner-level collapse collapsable-details ">
        <div class="hook">
          <div class="brief passed">
            <span class="keyword indention">After</span>
              <span class="location name">AfterActions.tearDown(Scenario)</span>

  <span class="lead-duration duration">0.199</span>

          </div>






  <div class="embeddings inner-level">
  <div class="embedding indention">
    <div data-toggle="collapse" data-target="#embedding-9" class="collapsable-control">
      <a>Attachment 1 (png)</a>
      <a href="embeddings/embedding_-1283213319.png" download target="_blank">
        <span class="download-button glyphicon glyphicon-download-alt"></span>
      </a>
    </div>
    <div id="embedding-9" class="collapse collapsable-details ">
      <div class="embedding-content">
        <img src="embeddings/embedding_-1283213319.png">
      </div>
    </div>
  </div>
  </div>

        </div>
    </div>
  </div>

      </div>
      <div class="step">


<div class="brief step-name-Then passed">
  <span class="keyword indention">Then</span>
  <span class="name">Link Source and Sink to establish connection</span>

  <span class="lead-duration duration">2.350</span>

</div>















  <div class="inner-level hooks-step-after">
    <div data-toggle="collapse" class=" collapsed  collapsable-control" data-target="#after-10">

<div class="brief passed">
  <span class="keyword indention">Hooks</span>
  <span class="name"></span>


     <i class="chevron fa fa-fw"></i>
</div>

    </div>

    <div id="after-10" class="inner-level collapse collapsable-details ">
        <div class="hook">
          <div class="brief passed">
            <span class="keyword indention">After</span>
              <span class="location name">AfterActions.tearDown(Scenario)</span>

  <span class="lead-duration duration">0.195</span>

          </div>






  <div class="embeddings inner-level">
  <div class="embedding indention">
    <div data-toggle="collapse" data-target="#embedding-11" class="collapsable-control">
      <a>Attachment 1 (png)</a>
      <a href="embeddings/embedding_299595431.png" download target="_blank">
        <span class="download-button glyphicon glyphicon-download-alt"></span>
      </a>
    </div>
    <div id="embedding-11" class="collapse collapsable-details ">
      <div class="embedding-content">
        <img src="embeddings/embedding_299595431.png">
      </div>
    </div>
  </div>
  </div>

        </div>
    </div>
  </div>

      </div>
      <div class="step">


<div class="brief step-name-Then passed">
  <span class="keyword indention">Then</span>
  <span class="name">Enter the GCS Properties with <span class="argument">&quot;@TC-Demo-1_GCS&quot;</span> GCS bucket</span>

  <span class="lead-duration duration">14.595</span>

</div>















  <div class="inner-level hooks-step-after">
    <div data-toggle="collapse" class=" collapsed  collapsable-control" data-target="#after-12">

<div class="brief passed">
  <span class="keyword indention">Hooks</span>
  <span class="name"></span>


     <i class="chevron fa fa-fw"></i>
</div>

    </div>

    <div id="after-12" class="inner-level collapse collapsable-details ">
        <div class="hook">
          <div class="brief passed">
            <span class="keyword indention">After</span>
              <span class="location name">AfterActions.tearDown(Scenario)</span>

  <span class="lead-duration duration">0.159</span>

          </div>






  <div class="embeddings inner-level">
  <div class="embedding indention">
    <div data-toggle="collapse" data-target="#embedding-13" class="collapsable-control">
      <a>Attachment 1 (png)</a>
      <a href="embeddings/embedding_-1115906278.png" download target="_blank">
        <span class="download-button glyphicon glyphicon-download-alt"></span>
      </a>
    </div>
    <div id="embedding-13" class="collapse collapsable-details ">
      <div class="embedding-content">
        <img src="embeddings/embedding_-1115906278.png">
      </div>
    </div>
  </div>
  </div>

        </div>
    </div>
  </div>

      </div>
      <div class="step">


<div class="brief step-name-Then passed">
  <span class="keyword indention">Then</span>
  <span class="name">Close the GCS Properties</span>

  <span class="lead-duration duration">0.155</span>

</div>















  <div class="inner-level hooks-step-after">
    <div data-toggle="collapse" class=" collapsed  collapsable-control" data-target="#after-14">

<div class="brief passed">
  <span class="keyword indention">Hooks</span>
  <span class="name"></span>


     <i class="chevron fa fa-fw"></i>
</div>

    </div>

    <div id="after-14" class="inner-level collapse collapsable-details ">
        <div class="hook">
          <div class="brief passed">
            <span class="keyword indention">After</span>
              <span class="location name">AfterActions.tearDown(Scenario)</span>

  <span class="lead-duration duration">0.225</span>

          </div>






  <div class="embeddings inner-level">
  <div class="embedding indention">
    <div data-toggle="collapse" data-target="#embedding-15" class="collapsable-control">
      <a>Attachment 1 (png)</a>
      <a href="embeddings/embedding_613584653.png" download target="_blank">
        <span class="download-button glyphicon glyphicon-download-alt"></span>
      </a>
    </div>
    <div id="embedding-15" class="collapse collapsable-details ">
      <div class="embedding-content">
        <img src="embeddings/embedding_613584653.png">
      </div>
    </div>
  </div>
  </div>

        </div>
    </div>
  </div>

      </div>
      <div class="step">


<div class="brief step-name-Then passed">
  <span class="keyword indention">Then</span>
  <span class="name">Enter the BigQuery Properties for table <span class="argument">&quot;tableDemo&quot;</span></span>

  <span class="lead-duration duration">6.043</span>

</div>















  <div class="inner-level hooks-step-after">
    <div data-toggle="collapse" class=" collapsed  collapsable-control" data-target="#after-16">

<div class="brief passed">
  <span class="keyword indention">Hooks</span>
  <span class="name"></span>


     <i class="chevron fa fa-fw"></i>
</div>

    </div>

    <div id="after-16" class="inner-level collapse collapsable-details ">
        <div class="hook">
          <div class="brief passed">
            <span class="keyword indention">After</span>
              <span class="location name">AfterActions.tearDown(Scenario)</span>

  <span class="lead-duration duration">0.254</span>

          </div>






  <div class="embeddings inner-level">
  <div class="embedding indention">
    <div data-toggle="collapse" data-target="#embedding-17" class="collapsable-control">
      <a>Attachment 1 (png)</a>
      <a href="embeddings/embedding_1225208200.png" download target="_blank">
        <span class="download-button glyphicon glyphicon-download-alt"></span>
      </a>
    </div>
    <div id="embedding-17" class="collapse collapsable-details ">
      <div class="embedding-content">
        <img src="embeddings/embedding_1225208200.png">
      </div>
    </div>
  </div>
  </div>

        </div>
    </div>
  </div>

      </div>
      <div class="step">


<div class="brief step-name-Then passed">
  <span class="keyword indention">Then</span>
  <span class="name">Close the BigQuery Properties</span>

  <span class="lead-duration duration">0.117</span>

</div>















  <div class="inner-level hooks-step-after">
    <div data-toggle="collapse" class=" collapsed  collapsable-control" data-target="#after-18">

<div class="brief passed">
  <span class="keyword indention">Hooks</span>
  <span class="name"></span>


     <i class="chevron fa fa-fw"></i>
</div>

    </div>

    <div id="after-18" class="inner-level collapse collapsable-details ">
        <div class="hook">
          <div class="brief passed">
            <span class="keyword indention">After</span>
              <span class="location name">AfterActions.tearDown(Scenario)</span>

  <span class="lead-duration duration">0.190</span>

          </div>






  <div class="embeddings inner-level">
  <div class="embedding indention">
    <div data-toggle="collapse" data-target="#embedding-19" class="collapsable-control">
      <a>Attachment 1 (png)</a>
      <a href="embeddings/embedding_-1119434339.png" download target="_blank">
        <span class="download-button glyphicon glyphicon-download-alt"></span>
      </a>
    </div>
    <div id="embedding-19" class="collapse collapsable-details ">
      <div class="embedding-content">
        <img src="embeddings/embedding_-1119434339.png">
      </div>
    </div>
  </div>
  </div>

        </div>
    </div>
  </div>

      </div>
      <div class="step">


<div class="brief step-name-Then passed">
  <span class="keyword indention">Then</span>
  <span class="name">Save and Deploy Pipeline</span>

  <span class="lead-duration duration">3.557</span>

</div>















  <div class="inner-level hooks-step-after">
    <div data-toggle="collapse" class=" collapsed  collapsable-control" data-target="#after-20">

<div class="brief passed">
  <span class="keyword indention">Hooks</span>
  <span class="name"></span>


     <i class="chevron fa fa-fw"></i>
</div>

    </div>

    <div id="after-20" class="inner-level collapse collapsable-details ">
        <div class="hook">
          <div class="brief passed">
            <span class="keyword indention">After</span>
              <span class="location name">AfterActions.tearDown(Scenario)</span>

  <span class="lead-duration duration">0.250</span>

          </div>






  <div class="embeddings inner-level">
  <div class="embedding indention">
    <div data-toggle="collapse" data-target="#embedding-21" class="collapsable-control">
      <a>Attachment 1 (png)</a>
      <a href="embeddings/embedding_-1079564973.png" download target="_blank">
        <span class="download-button glyphicon glyphicon-download-alt"></span>
      </a>
    </div>
    <div id="embedding-21" class="collapse collapsable-details ">
      <div class="embedding-content">
        <img src="embeddings/embedding_-1079564973.png">
      </div>
    </div>
  </div>
  </div>

        </div>
    </div>
  </div>

      </div>
      <div class="step">


<div class="brief step-name-Then passed">
  <span class="keyword indention">Then</span>
  <span class="name">Run the Pipeline in Runtime</span>

  <span class="lead-duration duration">3.199</span>

</div>















  <div class="inner-level hooks-step-after">
    <div data-toggle="collapse" class=" collapsed  collapsable-control" data-target="#after-22">

<div class="brief passed">
  <span class="keyword indention">Hooks</span>
  <span class="name"></span>


     <i class="chevron fa fa-fw"></i>
</div>

    </div>

    <div id="after-22" class="inner-level collapse collapsable-details ">
        <div class="hook">
          <div class="brief passed">
            <span class="keyword indention">After</span>
              <span class="location name">AfterActions.tearDown(Scenario)</span>

  <span class="lead-duration duration">0.168</span>

          </div>






  <div class="embeddings inner-level">
  <div class="embedding indention">
    <div data-toggle="collapse" data-target="#embedding-23" class="collapsable-control">
      <a>Attachment 1 (png)</a>
      <a href="embeddings/embedding_360373214.png" download target="_blank">
        <span class="download-button glyphicon glyphicon-download-alt"></span>
      </a>
    </div>
    <div id="embedding-23" class="collapse collapsable-details ">
      <div class="embedding-content">
        <img src="embeddings/embedding_360373214.png">
      </div>
    </div>
  </div>
  </div>

        </div>
    </div>
  </div>

      </div>
      <div class="step">


<div class="brief step-name-Then passed">
  <span class="keyword indention">Then</span>
  <span class="name">Wait till pipeline is in running state</span>

  <span class="lead-duration duration">50.047</span>

</div>















  <div class="inner-level hooks-step-after">
    <div data-toggle="collapse" class=" collapsed  collapsable-control" data-target="#after-24">

<div class="brief passed">
  <span class="keyword indention">Hooks</span>
  <span class="name"></span>


     <i class="chevron fa fa-fw"></i>
</div>

    </div>

    <div id="after-24" class="inner-level collapse collapsable-details ">
        <div class="hook">
          <div class="brief passed">
            <span class="keyword indention">After</span>
              <span class="location name">AfterActions.tearDown(Scenario)</span>

  <span class="lead-duration duration">0.187</span>

          </div>






  <div class="embeddings inner-level">
  <div class="embedding indention">
    <div data-toggle="collapse" data-target="#embedding-25" class="collapsable-control">
      <a>Attachment 1 (png)</a>
      <a href="embeddings/embedding_-1906468432.png" download target="_blank">
        <span class="download-button glyphicon glyphicon-download-alt"></span>
      </a>
    </div>
    <div id="embedding-25" class="collapse collapsable-details ">
      <div class="embedding-content">
        <img src="embeddings/embedding_-1906468432.png">
      </div>
    </div>
  </div>
  </div>

        </div>
    </div>
  </div>

      </div>
      <div class="step">


<div class="brief step-name-Then passed">
  <span class="keyword indention">Then</span>
  <span class="name">Open Logs</span>

  <span class="lead-duration duration">0.562</span>

</div>











  <div class="outputs inner-level">
      <div class="output indention">
        <div data-toggle="collapse" class=" collapsed  collapsable-control" data-target="#output-26">
          Output 1
          <i class="chevron fa fa-fw"></i>
        </div>
        <div id="output-26" class="collapse collapsable-details " >
          
          <pre><p>2021-11-27 10:01:06,683 - DEBUG [provisioning-task-0:i.c.c.i.p.t.ProvisioningTask@125] - Executing PROVISION subtask REQUESTING_CREATE for program run program_run:default.TestPipeline3eeb4535-e843-40af-881b-03acb7cb1b2b.-SNAPSHOT.workflow.DataPipelineWorkflow.ef7443d4-4f68-11ec-8592-36a0d196dc74.
2021-11-27 10:01:06,685 - DEBUG [provisioning-task-0:i.c.c.i.p.t.ProvisioningTask@129] - Completed PROVISION subtask REQUESTING_CREATE for program run program_run:default.TestPipeline3eeb4535-e843-40af-881b-03acb7cb1b2b.-SNAPSHOT.workflow.DataPipelineWorkflow.ef7443d4-4f68-11ec-8592-36a0d196dc74.
2021-11-27 10:01:06,710 - DEBUG [provisioning-task-0:i.c.c.i.p.t.ProvisioningTask@116] - Completed PROVISION task for program run program_run:default.TestPipeline3eeb4535-e843-40af-881b-03acb7cb1b2b.-SNAPSHOT.workflow.DataPipelineWorkflow.ef7443d4-4f68-11ec-8592-36a0d196dc74.
2021-11-27 10:01:10,269 - INFO  [WorkflowDriver:i.c.c.d.SmartWorkflow@470] - Pipeline 'TestPipeline3eeb4535-e843-40af-881b-03acb7cb1b2b' is started by user 'runner' with arguments {logical.start.time=1638007265421}
2021-11-27 10:01:10,309 - INFO  [WorkflowDriver:i.c.c.d.SmartWorkflow@505] - Pipeline 'TestPipeline3eeb4535-e843-40af-881b-03acb7cb1b2b' running
2021-11-27 10:01:10,315 - DEBUG [WorkflowDriver:i.c.c.i.a.r.w.WorkflowProgramController@71] - Workflow service workflow.default.TestPipeline3eeb4535-e843-40af-881b-03acb7cb1b2b.DataPipelineWorkflow.ef7443d4-4f68-11ec-8592-36a0d196dc74 started
2021-11-27 10:01:10,317 - INFO  [WorkflowDriver:i.c.c.i.a.r.w.WorkflowDriver@623] - Starting workflow execution for 'DataPipelineWorkflow' with Run id 'ef7443d4-4f68-11ec-8592-36a0d196dc74'
2021-11-27 10:01:10,350 - INFO  [action-phase-1-0:i.c.c.i.a.r.w.WorkflowDriver@337] - Starting Spark Program 'phase-1' in workflow
2021-11-27 10:01:10,397 - DEBUG [action-phase-1-0:i.c.c.a.r.s.SparkProgramRunner@230] - Starting Spark Job. Context: SparkRuntimeContext{id=program:default.TestPipeline3eeb4535-e843-40af-881b-03acb7cb1b2b.-SNAPSHOT.spark.phase-1, runId=f26437d5-4f68-11ec-94df-36a0d196dc74}
2021-11-27 10:01:14,414 - DEBUG [SparkRunnerphase-1:i.c.p.g.b.s.AbstractBigQuerySink@140] - Init output for table 'DemoCheck1' with schema: {&quot;type&quot;:&quot;record&quot;,&quot;name&quot;:&quot;text&quot;,&quot;fields&quot;:[{&quot;name&quot;:&quot;name&quot;,&quot;type&quot;:&quot;string&quot;},{&quot;name&quot;:&quot;age&quot;,&quot;type&quot;:&quot;int&quot;}]}
2021-11-27 10:01:14,630 - DEBUG [SparkRunnerphase-1:i.c.c.i.a.r.LocalizationUtils@55] - Hard link file from /tmp/HydratorSpark9090278591156411597.config to /tmp/cdap-e2e-tests/cdap-e2e-tests/sandbox/cdap-sandbox-6.6.0-SNAPSHOT/data/tmp/1638007270400-0/HydratorSpark.config
2021-11-27 10:01:14,655 - DEBUG [spark-submitter-phase-1-f26437d5-4f68-11ec-94df-36a0d196dc74:i.c.c.a.r.s.s.AbstractSparkSubmitter@192] - Calling SparkSubmit for program:default.TestPipeline3eeb4535-e843-40af-881b-03acb7cb1b2b.-SNAPSHOT.spark.phase-1 f26437d5-4f68-11ec-94df-36a0d196dc74: [--master, local[2], --conf, spark.app.name=phase-1, --conf, spark.executor.memory=2048m, --conf, spark.driver.memory=2048m, --conf, spark.local.dir=/tmp/cdap-e2e-tests/cdap-e2e-tests/sandbox/cdap-sandbox-6.6.0-SNAPSHOT/data/tmp/1638007270400-0, --conf, spark.driver.cores=1, --conf, spark.yarn.maxAppAttempts=1, --conf, spark.executor.id=TestPipeline3eeb4535-e843-40af-881b-03acb7cb1b2b, --conf, spark.network.timeout=600s, --conf, spark.executor.cores=1, --conf, spark.metrics.conf=/tmp/cdap-e2e-tests/cdap-e2e-tests/sandbox/cdap-sandbox-6.6.0-SNAPSHOT/data/tmp/1638007270400-0/metrics.properties, --conf, spark.speculation=false, --conf, spark.sql.caseSensitive=true, --conf, spark.app.id=TestPipeline3eeb4535-e843-40af-881b-03acb7cb1b2b, --conf, spark.maxRemoteBlockSizeFetchToMem=2147483135, --conf, spark.extraListeners=io.cdap.cdap.app.runtime.spark.DelegatingSparkListener, --conf, spark.sql.autoBroadcastJoinThreshold=-1, --conf, spark.executor.extraJavaOptions=-Dstreaming.checkpoint.rewrite.enabled=true, --conf, spark.cdap.localized.resources=[&quot;HydratorSpark.config&quot;], --conf, spark.driver.extraJavaOptions=-Dstreaming.checkpoint.rewrite.enabled=true, --class, io.cdap.cdap.app.runtime.spark.SparkMainWrapper, /tmp/cdap-e2e-tests/cdap-e2e-tests/sandbox/cdap-sandbox-6.6.0-SNAPSHOT/data/runtime/spark/cdapSparkJob.jar, --cdap.spark.program=program_run:default.TestPipeline3eeb4535-e843-40af-881b-03acb7cb1b2b.-SNAPSHOT.spark.phase-1.f26437d5-4f68-11ec-94df-36a0d196dc74, --cdap.user.main.class=io.cdap.cdap.etl.spark.batch.BatchSparkPipelineDriver]
2021-11-27 10:01:14,793 - INFO  [SparkDriverHttpService STARTING:i.c.h.NettyHttpService@181] - Starting HTTP Service phase-1-http-service at address localhost/127.0.0.1:0
2021-11-27 10:01:14,795 - DEBUG [SparkDriverHttpService STARTING:i.c.h.NettyHttpService@191] - Started HTTP Service phase-1-http-service at address /127.0.0.1:44689
2021-11-27 10:01:14,811 - INFO  [spark-submitter-phase-1-f26437d5-4f68-11ec-94df-36a0d196dc74:i.c.c.a.r.s.SparkMainWrapper$@78] - Launching user spark class class io.cdap.cdap.etl.spark.batch.BatchSparkPipelineDriver
2021-11-27 10:01:14,936 - WARN  [spark-submitter-phase-1-f26437d5-4f68-11ec-94df-36a0d196dc74:o.a.s.SparkConf@66] - In Spark 1.0 and later spark.local.dir will be overridden by the value set by the cluster manager (via SPARK_LOCAL_DIRS in mesos/standalone and LOCAL_DIRS in YARN).
2021-11-27 10:01:16,137 - DEBUG [spark-submitter-phase-1-f26437d5-4f68-11ec-94df-36a0d196dc74:i.c.c.a.r.s.SparkMetricsSink@55] - Using SparkMetricsSink for reporting metrics: {class=io.cdap.cdap.app.runtime.spark.SparkMetricsSink}
2021-11-27 10:01:17,260 - INFO  [spark-submitter-phase-1-f26437d5-4f68-11ec-94df-36a0d196dc74:c.g.c.h.i.b.o.ForwardingBigQueryFileOutputFormat@76] - Using output path 'gs://85647c27-9da8-4b65-a2d3-e1391c343adc/85647c27-9da8-4b65-a2d3-e1391c343adc/input/DemoCheck1-85647c27-9da8-4b65-a2d3-e1391c343adc'.
2021-11-27 10:01:17,506 - INFO  [spark-submitter-phase-1-f26437d5-4f68-11ec-94df-36a0d196dc74:c.g.c.h.i.b.BigQueryFactory@76] - Bigquery connector version hadoop2-1.0.0
2021-11-27 10:01:17,508 - INFO  [spark-submitter-phase-1-f26437d5-4f68-11ec-94df-36a0d196dc74:c.g.c.h.i.b.BigQueryFactory@76] - Creating BigQuery from default credential.
2021-11-27 10:01:17,510 - INFO  [spark-submitter-phase-1-f26437d5-4f68-11ec-94df-36a0d196dc74:c.g.c.h.i.b.BigQueryFactory@76] - Creating BigQuery from given credential.
2021-11-27 10:01:17,511 - INFO  [spark-submitter-phase-1-f26437d5-4f68-11ec-94df-36a0d196dc74:c.g.c.h.i.b.o.ForwardingBigQueryFileOutputFormat@76] - Delegating functionality to 'AvroOutputFormat'.
2021-11-27 10:01:17,735 - INFO  [spark-submitter-phase-1-f26437d5-4f68-11ec-94df-36a0d196dc74:c.g.c.h.i.b.o.ForwardingBigQueryFileOutputFormat@76] - Delegating functionality to 'AvroOutputFormat'.
2021-11-27 10:01:17,824 - INFO  [spark-submitter-phase-1-f26437d5-4f68-11ec-94df-36a0d196dc74:c.g.c.h.i.b.BigQueryFactory@76] - Creating BigQuery from default credential.
2021-11-27 10:01:17,825 - INFO  [spark-submitter-phase-1-f26437d5-4f68-11ec-94df-36a0d196dc74:c.g.c.h.i.b.BigQueryFactory@76] - Creating BigQuery from given credential.
2021-11-27 10:01:17,826 - INFO  [spark-submitter-phase-1-f26437d5-4f68-11ec-94df-36a0d196dc74:c.g.c.h.i.b.BigQueryFactory@76] - Creating BigQuery from default credential.
2021-11-27 10:01:17,827 - INFO  [spark-submitter-phase-1-f26437d5-4f68-11ec-94df-36a0d196dc74:c.g.c.h.i.b.BigQueryFactory@76] - Creating BigQuery from given credential.
2021-11-27 10:01:18,553 - DEBUG [SparkListenerBus:i.c.c.a.r.s.AbstractSparkExecutionContext@156] - Spark program=program:default.TestPipeline3eeb4535-e843-40af-881b-03acb7cb1b2b.-SNAPSHOT.spark.phase-1, runId=f26437d5-4f68-11ec-94df-36a0d196dc74, jobId=0 starts with auto-commit=false on transaction Transaction{readPointer: 1638007275263000000, transactionId: 1638007276225000000, writePointer: 1638007276225000000, invalids: [1637739757580000000, 1637775257143000000], inProgress: [], firstShortInProgress: 9223372036854775807, type: LONG, checkpointWritePointers: [], visibilityLevel: SNAPSHOT}
2021-11-27 10:01:18,560 - DEBUG [SparkListenerBus:i.c.c.a.r.s.SparkTransactionHandler@110] - Spark job started: JobTransaction{jobId=0, stageIds=[0], transaction=Transaction{readPointer: 1638007275263000000, transactionId: 1638007276225000000, writePointer: 1638007276225000000, invalids: [1637739757580000000, 1637775257143000000], inProgress: [], firstShortInProgress: 9223372036854775807, type: LONG, checkpointWritePointers: [], visibilityLevel: SNAPSHOT}}
2021-11-27 10:01:18,988 - INFO  [Executor task launch worker for task 0:c.g.c.h.i.b.o.ForwardingBigQueryFileOutputFormat@76] - Delegating functionality to 'AvroOutputFormat'.
2021-11-27 10:01:19,058 - INFO  [Executor task launch worker for task 0:c.g.c.h.i.b.BigQueryFactory@76] - Creating BigQuery from default credential.
2021-11-27 10:01:19,060 - INFO  [Executor task launch worker for task 0:c.g.c.h.i.b.BigQueryFactory@76] - Creating BigQuery from given credential.
2021-11-27 10:01:19,060 - INFO  [Executor task launch worker for task 0:c.g.c.h.i.b.BigQueryFactory@76] - Creating BigQuery from default credential.
2021-11-27 10:01:19,062 - INFO  [Executor task launch worker for task 0:c.g.c.h.i.b.BigQueryFactory@76] - Creating BigQuery from given credential.
2021-11-27 10:01:19,070 - INFO  [Executor task launch worker for task 0:c.g.c.h.i.b.o.ForwardingBigQueryFileOutputFormat@76] - Delegating functionality to 'AvroOutputFormat'.
2021-11-27 10:01:21,661 - DEBUG [SparkListenerBus:i.c.c.a.r.s.SparkTransactionHandler@144] - Spark job ended: JobTransaction{jobId=0, stageIds=[0], transaction=Transaction{readPointer: 1638007275263000000, transactionId: 1638007276225000000, writePointer: 1638007276225000000, invalids: [1637739757580000000, 1637775257143000000], inProgress: [], firstShortInProgress: 9223372036854775807, type: LONG, checkpointWritePointers: [], visibilityLevel: SNAPSHOT}}
2021-11-27 10:01:24,395 - DEBUG [spark-submitter-phase-1-f26437d5-4f68-11ec-94df-36a0d196dc74:i.c.p.g.b.s.BigQueryOutputFormat@196] - Allow schema relaxation: 'true'
2021-11-27 10:01:24,396 - DEBUG [spark-submitter-phase-1-f26437d5-4f68-11ec-94df-36a0d196dc74:i.c.p.g.b.s.BigQueryOutputFormat@198] - Create Partitioned Table type: 'TIME'
2021-11-27 10:01:24,396 - DEBUG [spark-submitter-phase-1-f26437d5-4f68-11ec-94df-36a0d196dc74:i.c.p.g.b.s.BigQueryOutputFormat@201] - Partition Field: 'null'
2021-11-27 10:01:24,396 - DEBUG [spark-submitter-phase-1-f26437d5-4f68-11ec-94df-36a0d196dc74:i.c.p.g.b.s.BigQueryOutputFormat@203] - Require partition filter: 'false'
2021-11-27 10:01:24,397 - DEBUG [spark-submitter-phase-1-f26437d5-4f68-11ec-94df-36a0d196dc74:i.c.p.g.b.s.BigQueryOutputFormat@219] - Partition filter: 'null'
2021-11-27 10:01:24,397 - INFO  [spark-submitter-phase-1-f26437d5-4f68-11ec-94df-36a0d196dc74:i.c.p.g.b.s.BigQueryOutputFormat@272] - Importing into table 'cdf-athena:test_automation.DemoCheck1' from 1 paths; path[0] is 'gs://85647c27-9da8-4b65-a2d3-e1391c343adc/85647c27-9da8-4b65-a2d3-e1391c343adc/input/DemoCheck1-85647c27-9da8-4b65-a2d3-e1391c343adc/part-r-00000.avro'; awaitCompletion: true
2021-11-27 10:01:24,716 - INFO  [spark-submitter-phase-1-f26437d5-4f68-11ec-94df-36a0d196dc74:i.c.p.g.b.s.BigQueryOutputFormat@374] - Using schema 'GenericData{classInfo=[fields], {fields=[{&quot;mode&quot;:&quot;REQUIRED&quot;,&quot;name&quot;:&quot;name&quot;,&quot;type&quot;:&quot;STRING&quot;}, {&quot;mode&quot;:&quot;REQUIRED&quot;,&quot;name&quot;:&quot;age&quot;,&quot;type&quot;:&quot;INTEGER&quot;}]}}' for the load job config.
2021-11-27 10:01:25,366 - DEBUG [spark-submitter-phase-1-f26437d5-4f68-11ec-94df-36a0d196dc74:i.c.p.g.b.s.BigQueryOutputFormat@502] - Job status (106 ms) de9f717e-69fe-4141-a098-2610924d4728: RUNNING
2021-11-27 10:01:37,640 - DEBUG [spark-submitter-phase-1-f26437d5-4f68-11ec-94df-36a0d196dc74:i.c.p.g.b.s.BigQueryOutputFormat@502] - Job status (12380 ms) de9f717e-69fe-4141-a098-2610924d4728: DONE
2021-11-27 10:01:37,901 - DEBUG [spark-submitter-phase-1-f26437d5-4f68-11ec-94df-36a0d196dc74:i.c.c.a.r.s.SparkRuntimeEnv$@347] - Shutting down Server and ThreadPool used by Spark org.apache.spark.SparkContext@743901f5
2021-11-27 10:01:37,907 - INFO  [SparkDriverHttpService STOPPING:i.c.h.NettyHttpService@258] - Stopping HTTP Service phase-1-http-service
2021-11-27 10:01:37,923 - DEBUG [SparkDriverHttpService STOPPING:i.c.h.NettyHttpService@276] - Stopped HTTP Service phase-1-http-service on address localhost/127.0.0.1:44689
2021-11-27 10:01:38,514 - DEBUG [SparkRunnerphase-1:i.c.p.g.b.u.BigQueryUtil@715] - Deleted temporary directory 'gs://85647c27-9da8-4b65-a2d3-e1391c343adc'
2021-11-27 10:01:38,517 - DEBUG [SparkRunnerphase-1:i.c.c.a.r.s.SparkRuntimeService@967] - Running Spark shutdown hook org.apache.spark.util.SparkShutdownHookManager$$anon$2@2b486711
2021-11-27 10:01:38,526 - DEBUG [SparkRunnerphase-1:i.c.c.a.r.s.SparkRuntimeService@444] - Spark program completed: SparkRuntimeContext{id=program:default.TestPipeline3eeb4535-e843-40af-881b-03acb7cb1b2b.-SNAPSHOT.spark.phase-1, runId=f26437d5-4f68-11ec-94df-36a0d196dc74}
2021-11-27 10:01:38,576 - ERROR [SparkRunnerphase-1:i.c.c.i.a.r.ProgramControllerServiceAdapter@92] - Spark Program 'phase-1' failed.
java.util.concurrent.ExecutionException: java.io.IOException: Failed to import GCS into BigQuery. 
 at com.google.common.util.concurrent.AbstractFuture$Sync.getValue(AbstractFuture.java:294) ~[com.google.guava.guava-13.0.1.jar:na]
 at com.google.common.util.concurrent.AbstractFuture$Sync.get(AbstractFuture.java:281) ~[com.google.guava.guava-13.0.1.jar:na]
 at com.google.common.util.concurrent.AbstractFuture.get(AbstractFuture.java:116) ~[com.google.guava.guava-13.0.1.jar:na]
 at io.cdap.cdap.app.runtime.spark.SparkRuntimeService.run(SparkRuntimeService.java:414) ~[io.cdap.cdap.cdap-spark-core2_2.11-6.6.0-SNAPSHOT.jar:na]
 at com.google.common.util.concurrent.AbstractExecutionThreadService$1$1.run(AbstractExecutionThreadService.java:52) ~[com.google.guava.guava-13.0.1.jar:na]
 at io.cdap.cdap.app.runtime.spark.SparkRuntimeService$5$1.run(SparkRuntimeService.java:472) [io.cdap.cdap.cdap-spark-core2_2.11-6.6.0-SNAPSHOT.jar:na]
 at java.lang.Thread.run(Thread.java:748) [na:1.8.0_292]
Caused by: java.io.IOException: Failed to import GCS into BigQuery. 
 at io.cdap.plugin.gcp.bigquery.sink.BigQueryOutputFormat$BigQueryOutputCommitter.commitJob(BigQueryOutputFormat.java:227) ~[na:na]
 at io.cdap.cdap.etl.spark.io.TrackingOutputCommitter.commitJob(TrackingOutputCommitter.java:51) ~[na:na]
 at org.apache.spark.rdd.PairRDDFunctions$$anonfun$saveAsNewAPIHadoopDataset$1.apply$mcV$sp(PairRDDFunctions.scala:1159) ~[na:na]
 at org.apache.spark.rdd.PairRDDFunctions$$anonfun$saveAsNewAPIHadoopDataset$1.apply(PairRDDFunctions.scala:1085) ~[na:na]
 at org.apache.spark.rdd.PairRDDFunctions$$anonfun$saveAsNewAPIHadoopDataset$1.apply(PairRDDFunctions.scala:1085) ~[na:na]
 at org.apache.spark.rdd.RDDOperationScope$.withScope(RDDOperationScope.scala:151) ~[na:na]
 at org.apache.spark.rdd.RDDOperationScope$.withScope(RDDOperationScope.scala:112) ~[na:na]
 at org.apache.spark.rdd.RDD.withScope(RDD.scala:362) ~[na:na]
 at org.apache.spark.rdd.PairRDDFunctions.saveAsNewAPIHadoopDataset(PairRDDFunctions.scala:1085) ~[na:na]
 at org.apache.spark.api.java.JavaPairRDD.saveAsNewAPIHadoopDataset(JavaPairRDD.scala:831) ~[na:na]
 at io.cdap.cdap.etl.spark.batch.RDDUtils.saveHadoopDataset(RDDUtils.java:58) ~[na:na]
 at io.cdap.cdap.etl.spark.batch.RDDUtils.saveUsingOutputFormat(RDDUtils.java:47) ~[na:na]
 at io.cdap.cdap.etl.spark.batch.SparkBatchSinkFactory.writeFromRDD(SparkBatchSinkFactory.java:175) ~[na:na]
 at io.cdap.cdap.etl.spark.batch.BaseRDDCollection$1.run(BaseRDDCollection.java:239) ~[na:na]
 at io.cdap.cdap.etl.spark.SparkPipelineRunner.runPipeline(SparkPipelineRunner.java:343) ~[na:na]
 at io.cdap.cdap.etl.spark.batch.BatchSparkPipelineDriver.run(BatchSparkPipelineDriver.java:230) ~[na:na]
 at io.cdap.cdap.app.runtime.spark.SparkTransactional$2.run(SparkTransactional.java:236) ~[na:na]
 at io.cdap.cdap.app.runtime.spark.SparkTransactional.execute(SparkTransactional.java:208) ~[na:na]
 at io.cdap.cdap.app.runtime.spark.SparkTransactional.execute(SparkTransactional.java:138) ~[na:na]
 at io.cdap.cdap.app.runtime.spark.AbstractSparkExecutionContext.execute(AbstractSparkExecutionContext.scala:227) ~[na:na]
 at io.cdap.cdap.app.runtime.spark.SerializableSparkExecutionContext.execute(SerializableSparkExecutionContext.scala:61) ~[na:na]
 at io.cdap.cdap.app.runtime.spark.DefaultJavaSparkExecutionContext.execute(DefaultJavaSparkExecutionContext.scala:89) ~[na:na]
 at io.cdap.cdap.api.Transactionals.execute(Transactionals.java:63) ~[na:na]
 at io.cdap.cdap.etl.spark.batch.BatchSparkPipelineDriver.run(BatchSparkPipelineDriver.java:161) ~[na:na]
 at io.cdap.cdap.app.runtime.spark.SparkMainWrapper$.main(SparkMainWrapper.scala:87) ~[na:na]
 at io.cdap.cdap.app.runtime.spark.SparkMainWrapper.main(SparkMainWrapper.scala) ~[na:na]
 at sun.reflect.NativeMethodAccessorImpl.invoke0(Native Method) ~[na:1.8.0_292]
 at sun.reflect.NativeMethodAccessorImpl.invoke(NativeMethodAccessorImpl.java:62) ~[na:1.8.0_292]
 at sun.reflect.DelegatingMethodAccessorImpl.invoke(DelegatingMethodAccessorImpl.java:43) ~[na:1.8.0_292]
 at java.lang.reflect.Method.invoke(Method.java:498) ~[na:1.8.0_292]
 at org.apache.spark.deploy.SparkSubmit$.org$apache$spark$deploy$SparkSubmit$$runMain(SparkSubmit.scala:744) ~[na:na]
 at org.apache.spark.deploy.SparkSubmit$.doRunMain$1(SparkSubmit.scala:187) ~[na:na]
 at org.apache.spark.deploy.SparkSubmit$.submit(SparkSubmit.scala:212) ~[na:na]
 at org.apache.spark.deploy.SparkSubmit$.main(SparkSubmit.scala:126) ~[na:na]
 at org.apache.spark.deploy.SparkSubmit.main(SparkSubmit.scala) ~[na:na]
 at io.cdap.cdap.app.runtime.spark.submit.AbstractSparkSubmitter.submit(AbstractSparkSubmitter.java:198) ~[na:na]
 at io.cdap.cdap.app.runtime.spark.submit.AbstractSparkSubmitter.access$000(AbstractSparkSubmitter.java:56) ~[na:na]
 at io.cdap.cdap.app.runtime.spark.submit.AbstractSparkSubmitter$4.run(AbstractSparkSubmitter.java:111) ~[na:na]
 at java.util.concurrent.Executors$RunnableAdapter.call(Executors.java:511) ~[na:1.8.0_292]
 at java.util.concurrent.FutureTask.run(FutureTask.java:266) ~[na:1.8.0_292]
 at java.util.concurrent.ThreadPoolExecutor.runWorker(ThreadPoolExecutor.java:1149) ~[na:1.8.0_292]
 at java.util.concurrent.ThreadPoolExecutor$Worker.run(ThreadPoolExecutor.java:624) ~[na:1.8.0_292]
 ... 1 common frames omitted
Caused by: java.io.IOException: Failed to get table 'GenericData{classInfo=[datasetId, projectId, tableId], {datasetId=test_automation, projectId=cdf-athena, tableId=DemoCheck1}}'
 at com.google.cloud.hadoop.io.bigquery.BigQueryHelper.getTable(BigQueryHelper.java:294) ~[na:na]
 at io.cdap.plugin.gcp.bigquery.sink.BigQueryOutputFormat$BigQueryOutputCommitter.updateFieldDescriptions(BigQueryOutputFormat.java:692) ~[na:na]
 at io.cdap.plugin.gcp.bigquery.sink.BigQueryOutputFormat$BigQueryOutputCommitter.importFromGcs(BigQueryOutputFormat.java:405) ~[na:na]
 at io.cdap.plugin.gcp.bigquery.sink.BigQueryOutputFormat$BigQueryOutputCommitter.commitJob(BigQueryOutputFormat.java:223) ~[na:na]
 ... 42 common frames omitted
Caused by: com.google.api.client.googleapis.json.GoogleJsonResponseException: 404 Not Found
GET https://bigquery.googleapis.com/bigquery/v2/projects/cdf-athena/datasets/test_automation/tables/DemoCheck1
{
  &quot;code&quot; : 404,
  &quot;errors&quot; : [ {
    &quot;domain&quot; : &quot;global&quot;,
    &quot;message&quot; : &quot;Not found: Table cdf-athena:test_automation.DemoCheck1&quot;,
    &quot;reason&quot; : &quot;notFound&quot;
  } ],
  &quot;message&quot; : &quot;Not found: Table cdf-athena:test_automation.DemoCheck1&quot;,
  &quot;status&quot; : &quot;NOT_FOUND&quot;
}
 at com.google.api.client.googleapis.json.GoogleJsonResponseException.from(GoogleJsonResponseException.java:146) ~[na:na]
 at com.google.api.client.googleapis.services.json.AbstractGoogleJsonClientRequest.newExceptionOnError(AbstractGoogleJsonClientRequest.java:118) ~[na:na]
 at com.google.api.client.googleapis.services.json.AbstractGoogleJsonClientRequest.newExceptionOnError(AbstractGoogleJsonClientRequest.java:37) ~[na:na]
 at com.google.api.client.googleapis.services.AbstractGoogleClientRequest$1.interceptResponse(AbstractGoogleClientRequest.java:428) ~[na:na]
 at com.google.api.client.http.HttpRequest.execute(HttpRequest.java:1111) ~[na:na]
 at com.google.api.client.googleapis.services.AbstractGoogleClientRequest.executeUnparsed(AbstractGoogleClientRequest.java:514) ~[na:na]
 at com.google.api.client.googleapis.services.AbstractGoogleClientRequest.executeUnparsed(AbstractGoogleClientRequest.java:455) ~[na:na]
 at com.google.api.client.googleapis.services.AbstractGoogleClientRequest.execute(AbstractGoogleClientRequest.java:565) ~[na:na]
 at com.google.cloud.hadoop.io.bigquery.BigQueryHelper.getTable(BigQueryHelper.java:292) ~[na:na]
 ... 45 common frames omitted
2021-11-27 10:01:38,602 - ERROR [SparkRunnerphase-1:i.c.c.i.a.r.ProgramControllerServiceAdapter@93] - Spark program 'phase-1' failed with error: 404 Not Found
GET https://bigquery.googleapis.com/bigquery/v2/projects/cdf-athena/datasets/test_automation/tables/DemoCheck1
{
  &quot;code&quot; : 404,
  &quot;errors&quot; : [ {
    &quot;domain&quot; : &quot;global&quot;,
    &quot;message&quot; : &quot;Not found: Table cdf-athena:test_automation.DemoCheck1&quot;,
    &quot;reason&quot; : &quot;notFound&quot;
  } ],
  &quot;message&quot; : &quot;Not found: Table cdf-athena:test_automation.DemoCheck1&quot;,
  &quot;status&quot; : &quot;NOT_FOUND&quot;
}. Please check the system logs for more details.
com.google.api.client.googleapis.json.GoogleJsonResponseException: 404 Not Found
GET https://bigquery.googleapis.com/bigquery/v2/projects/cdf-athena/datasets/test_automation/tables/DemoCheck1
{
  &quot;code&quot; : 404,
  &quot;errors&quot; : [ {
    &quot;domain&quot; : &quot;global&quot;,
    &quot;message&quot; : &quot;Not found: Table cdf-athena:test_automation.DemoCheck1&quot;,
    &quot;reason&quot; : &quot;notFound&quot;
  } ],
  &quot;message&quot; : &quot;Not found: Table cdf-athena:test_automation.DemoCheck1&quot;,
  &quot;status&quot; : &quot;NOT_FOUND&quot;
}
 at com.google.api.client.googleapis.json.GoogleJsonResponseException.from(GoogleJsonResponseException.java:146) ~[na:na]
 at com.google.api.client.googleapis.services.json.AbstractGoogleJsonClientRequest.newExceptionOnError(AbstractGoogleJsonClientRequest.java:118) ~[na:na]
 at com.google.api.client.googleapis.services.json.AbstractGoogleJsonClientRequest.newExceptionOnError(AbstractGoogleJsonClientRequest.java:37) ~[na:na]
 at com.google.api.client.googleapis.services.AbstractGoogleClientRequest$1.interceptResponse(AbstractGoogleClientRequest.java:428) ~[na:na]
 at com.google.api.client.http.HttpRequest.execute(HttpRequest.java:1111) ~[na:na]
 at com.google.api.client.googleapis.services.AbstractGoogleClientRequest.executeUnparsed(AbstractGoogleClientRequest.java:514) ~[na:na]
 at com.google.api.client.googleapis.services.AbstractGoogleClientRequest.executeUnparsed(AbstractGoogleClientRequest.java:455) ~[na:na]
 at com.google.api.client.googleapis.services.AbstractGoogleClientRequest.execute(AbstractGoogleClientRequest.java:565) ~[na:na]
 at com.google.cloud.hadoop.io.bigquery.BigQueryHelper.getTable(BigQueryHelper.java:292) ~[na:na]
 at io.cdap.plugin.gcp.bigquery.sink.BigQueryOutputFormat$BigQueryOutputCommitter.updateFieldDescriptions(BigQueryOutputFormat.java:692) ~[na:na]
 at io.cdap.plugin.gcp.bigquery.sink.BigQueryOutputFormat$BigQueryOutputCommitter.importFromGcs(BigQueryOutputFormat.java:405) ~[na:na]
 at io.cdap.plugin.gcp.bigquery.sink.BigQueryOutputFormat$BigQueryOutputCommitter.commitJob(BigQueryOutputFormat.java:223) ~[na:na]
 at io.cdap.cdap.etl.spark.io.TrackingOutputCommitter.commitJob(TrackingOutputCommitter.java:51) ~[na:na]
 at org.apache.spark.rdd.PairRDDFunctions$$anonfun$saveAsNewAPIHadoopDataset$1.apply$mcV$sp(PairRDDFunctions.scala:1159) ~[na:na]
 at org.apache.spark.rdd.PairRDDFunctions$$anonfun$saveAsNewAPIHadoopDataset$1.apply(PairRDDFunctions.scala:1085) ~[na:na]
 at org.apache.spark.rdd.PairRDDFunctions$$anonfun$saveAsNewAPIHadoopDataset$1.apply(PairRDDFunctions.scala:1085) ~[na:na]
 at org.apache.spark.rdd.RDDOperationScope$.withScope(RDDOperationScope.scala:151) ~[na:na]
 at org.apache.spark.rdd.RDDOperationScope$.withScope(RDDOperationScope.scala:112) ~[na:na]
 at org.apache.spark.rdd.RDD.withScope(RDD.scala:362) ~[na:na]
 at org.apache.spark.rdd.PairRDDFunctions.saveAsNewAPIHadoopDataset(PairRDDFunctions.scala:1085) ~[na:na]
 at org.apache.spark.api.java.JavaPairRDD.saveAsNewAPIHadoopDataset(JavaPairRDD.scala:831) ~[na:na]
 at io.cdap.cdap.etl.spark.batch.RDDUtils.saveHadoopDataset(RDDUtils.java:58) ~[na:na]
 at io.cdap.cdap.etl.spark.batch.RDDUtils.saveUsingOutputFormat(RDDUtils.java:47) ~[na:na]
 at io.cdap.cdap.etl.spark.batch.SparkBatchSinkFactory.writeFromRDD(SparkBatchSinkFactory.java:175) ~[na:na]
 at io.cdap.cdap.etl.spark.batch.BaseRDDCollection$1.run(BaseRDDCollection.java:239) ~[na:na]
 at io.cdap.cdap.etl.spark.SparkPipelineRunner.runPipeline(SparkPipelineRunner.java:343) ~[na:na]
 at io.cdap.cdap.etl.spark.batch.BatchSparkPipelineDriver.run(BatchSparkPipelineDriver.java:230) ~[na:na]
 at io.cdap.cdap.app.runtime.spark.SparkTransactional$2.run(SparkTransactional.java:236) ~[na:na]
 at io.cdap.cdap.app.runtime.spark.SparkTransactional.execute(SparkTransactional.java:208) ~[na:na]
 at io.cdap.cdap.app.runtime.spark.SparkTransactional.execute(SparkTransactional.java:138) ~[na:na]
 at io.cdap.cdap.app.runtime.spark.AbstractSparkExecutionContext.execute(AbstractSparkExecutionContext.scala:227) ~[na:na]
 at io.cdap.cdap.app.runtime.spark.SerializableSparkExecutionContext.execute(SerializableSparkExecutionContext.scala:61) ~[na:na]
 at io.cdap.cdap.app.runtime.spark.DefaultJavaSparkExecutionContext.execute(DefaultJavaSparkExecutionContext.scala:89) ~[na:na]
 at io.cdap.cdap.api.Transactionals.execute(Transactionals.java:63) ~[na:na]
 at io.cdap.cdap.etl.spark.batch.BatchSparkPipelineDriver.run(BatchSparkPipelineDriver.java:161) ~[na:na]
 at io.cdap.cdap.app.runtime.spark.SparkMainWrapper$.main(SparkMainWrapper.scala:87) ~[na:na]
 at io.cdap.cdap.app.runtime.spark.SparkMainWrapper.main(SparkMainWrapper.scala) ~[na:na]
 at sun.reflect.NativeMethodAccessorImpl.invoke0(Native Method) ~[na:1.8.0_292]
 at sun.reflect.NativeMethodAccessorImpl.invoke(NativeMethodAccessorImpl.java:62) ~[na:1.8.0_292]
 at sun.reflect.DelegatingMethodAccessorImpl.invoke(DelegatingMethodAccessorImpl.java:43) ~[na:1.8.0_292]
 at java.lang.reflect.Method.invoke(Method.java:498) ~[na:1.8.0_292]
 at org.apache.spark.deploy.SparkSubmit$.org$apache$spark$deploy$SparkSubmit$$runMain(SparkSubmit.scala:744) ~[na:na]
 at org.apache.spark.deploy.SparkSubmit$.doRunMain$1(SparkSubmit.scala:187) ~[na:na]
 at org.apache.spark.deploy.SparkSubmit$.submit(SparkSubmit.scala:212) ~[na:na]
 at org.apache.spark.deploy.SparkSubmit$.main(SparkSubmit.scala:126) ~[na:na]
 at org.apache.spark.deploy.SparkSubmit.main(SparkSubmit.scala) ~[na:na]
 at io.cdap.cdap.app.runtime.spark.submit.AbstractSparkSubmitter.submit(AbstractSparkSubmitter.java:198) ~[na:na]
 at io.cdap.cdap.app.runtime.spark.submit.AbstractSparkSubmitter.access$000(AbstractSparkSubmitter.java:56) ~[na:na]
 at io.cdap.cdap.app.runtime.spark.submit.AbstractSparkSubmitter$4.run(AbstractSparkSubmitter.java:111) ~[na:na]
 at java.util.concurrent.Executors$RunnableAdapter.call(Executors.java:511) ~[na:1.8.0_292]
 at java.util.concurrent.FutureTask.run(FutureTask.java:266) ~[na:1.8.0_292]
 at java.util.concurrent.ThreadPoolExecutor.runWorker(ThreadPoolExecutor.java:1149) ~[na:1.8.0_292]
 at java.util.concurrent.ThreadPoolExecutor$Worker.run(ThreadPoolExecutor.java:624) ~[na:1.8.0_292]
 at java.lang.Thread.run(Thread.java:748) [na:1.8.0_292]
2021-11-27 10:01:38,612 - ERROR [WorkflowDriver:i.c.c.d.SmartWorkflow@561] - Pipeline 'TestPipeline3eeb4535-e843-40af-881b-03acb7cb1b2b' failed.
2021-11-27 10:01:38,660 - ERROR [WorkflowDriver:i.c.c.i.a.r.w.WorkflowProgramController@89] - Workflow service 'workflow.default.TestPipeline3eeb4535-e843-40af-881b-03acb7cb1b2b.DataPipelineWorkflow.ef7443d4-4f68-11ec-8592-36a0d196dc74' failed.
java.util.concurrent.ExecutionException: java.lang.RuntimeException: java.util.concurrent.ExecutionException: java.io.IOException: Failed to import GCS into BigQuery. 
 at java.util.concurrent.FutureTask.report(FutureTask.java:122) ~[na:1.8.0_292]
 at java.util.concurrent.FutureTask.get(FutureTask.java:192) ~[na:1.8.0_292]
 at io.cdap.cdap.internal.app.runtime.workflow.WorkflowDriver.executeAction(WorkflowDriver.java:344) ~[na:na]
 at io.cdap.cdap.internal.app.runtime.workflow.WorkflowDriver.executeNode(WorkflowDriver.java:475) ~[na:na]
 at io.cdap.cdap.internal.app.runtime.workflow.WorkflowDriver.executeAll(WorkflowDriver.java:641) ~[na:na]
 at io.cdap.cdap.internal.app.runtime.workflow.WorkflowDriver.run(WorkflowDriver.java:626) ~[na:na]
 at com.google.common.util.concurrent.AbstractExecutionThreadService$1$1.run(AbstractExecutionThreadService.java:52) ~[com.google.guava.guava-13.0.1.jar:na]
 at java.lang.Thread.run(Thread.java:748) [na:1.8.0_292]
Caused by: java.lang.RuntimeException: java.util.concurrent.ExecutionException: java.io.IOException: Failed to import GCS into BigQuery. 
 at com.google.common.base.Throwables.propagate(Throwables.java:160) ~[com.google.guava.guava-13.0.1.jar:na]
 at io.cdap.cdap.internal.app.runtime.workflow.DefaultProgramWorkflowRunner$1.run(DefaultProgramWorkflowRunner.java:143) ~[na:na]
 at io.cdap.cdap.internal.app.runtime.workflow.WorkflowDriver$1.call(WorkflowDriver.java:338) ~[na:na]
 at io.cdap.cdap.internal.app.runtime.workflow.WorkflowDriver$1.call(WorkflowDriver.java:322) ~[na:na]
 at java.util.concurrent.FutureTask.run(FutureTask.java:266) ~[na:1.8.0_292]
 at java.util.concurrent.ThreadPoolExecutor.runWorker(ThreadPoolExecutor.java:1149) ~[na:1.8.0_292]
 at java.util.concurrent.ThreadPoolExecutor$Worker.run(ThreadPoolExecutor.java:624) ~[na:1.8.0_292]
 ... 1 common frames omitted
Caused by: java.util.concurrent.ExecutionException: java.io.IOException: Failed to import GCS into BigQuery. 
 at com.google.common.util.concurrent.AbstractFuture$Sync.getValue(AbstractFuture.java:294) ~[com.google.guava.guava-13.0.1.jar:na]
 at com.google.common.util.concurrent.AbstractFuture$Sync.get(AbstractFuture.java:281) ~[com.google.guava.guava-13.0.1.jar:na]
 at com.google.common.util.concurrent.AbstractFuture.get(AbstractFuture.java:116) ~[com.google.guava.guava-13.0.1.jar:na]
 at io.cdap.cdap.app.runtime.spark.SparkRuntimeService.run(SparkRuntimeService.java:414) ~[na:na]
 at com.google.common.util.concurrent.AbstractExecutionThreadService$1$1.run(AbstractExecutionThreadService.java:52) ~[com.google.guava.guava-13.0.1.jar:na]
 at io.cdap.cdap.app.runtime.spark.SparkRuntimeService$5$1.run(SparkRuntimeService.java:472) ~[na:na]
 ... 1 common frames omitted
Caused by: java.io.IOException: Failed to import GCS into BigQuery. 
 at io.cdap.plugin.gcp.bigquery.sink.BigQueryOutputFormat$BigQueryOutputCommitter.commitJob(BigQueryOutputFormat.java:227) ~[na:na]
 at io.cdap.cdap.etl.spark.io.TrackingOutputCommitter.commitJob(TrackingOutputCommitter.java:51) ~[na:na]
 at org.apache.spark.rdd.PairRDDFunctions$$anonfun$saveAsNewAPIHadoopDataset$1.apply$mcV$sp(PairRDDFunctions.scala:1159) ~[na:na]
 at org.apache.spark.rdd.PairRDDFunctions$$anonfun$saveAsNewAPIHadoopDataset$1.apply(PairRDDFunctions.scala:1085) ~[na:na]
 at org.apache.spark.rdd.PairRDDFunctions$$anonfun$saveAsNewAPIHadoopDataset$1.apply(PairRDDFunctions.scala:1085) ~[na:na]
 at org.apache.spark.rdd.RDDOperationScope$.withScope(RDDOperationScope.scala:151) ~[na:na]
 at org.apache.spark.rdd.RDDOperationScope$.withScope(RDDOperationScope.scala:112) ~[na:na]
 at org.apache.spark.rdd.RDD.withScope(RDD.scala:362) ~[na:na]
 at org.apache.spark.rdd.PairRDDFunctions.saveAsNewAPIHadoopDataset(PairRDDFunctions.scala:1085) ~[na:na]
 at org.apache.spark.api.java.JavaPairRDD.saveAsNewAPIHadoopDataset(JavaPairRDD.scala:831) ~[na:na]
 at io.cdap.cdap.etl.spark.batch.RDDUtils.saveHadoopDataset(RDDUtils.java:58) ~[na:na]
 at io.cdap.cdap.etl.spark.batch.RDDUtils.saveUsingOutputFormat(RDDUtils.java:47) ~[na:na]
 at io.cdap.cdap.etl.spark.batch.SparkBatchSinkFactory.writeFromRDD(SparkBatchSinkFactory.java:175) ~[na:na]
 at io.cdap.cdap.etl.spark.batch.BaseRDDCollection$1.run(BaseRDDCollection.java:239) ~[na:na]
 at io.cdap.cdap.etl.spark.SparkPipelineRunner.runPipeline(SparkPipelineRunner.java:343) ~[na:na]
 at io.cdap.cdap.etl.spark.batch.BatchSparkPipelineDriver.run(BatchSparkPipelineDriver.java:230) ~[na:na]
 at io.cdap.cdap.app.runtime.spark.SparkTransactional$2.run(SparkTransactional.java:236) ~[na:na]
 at io.cdap.cdap.app.runtime.spark.SparkTransactional.execute(SparkTransactional.java:208) ~[na:na]
 at io.cdap.cdap.app.runtime.spark.SparkTransactional.execute(SparkTransactional.java:138) ~[na:na]
 at io.cdap.cdap.app.runtime.spark.AbstractSparkExecutionContext.execute(AbstractSparkExecutionContext.scala:227) ~[na:na]
 at io.cdap.cdap.app.runtime.spark.SerializableSparkExecutionContext.execute(SerializableSparkExecutionContext.scala:61) ~[na:na]
 at io.cdap.cdap.app.runtime.spark.DefaultJavaSparkExecutionContext.execute(DefaultJavaSparkExecutionContext.scala:89) ~[na:na]
 at io.cdap.cdap.api.Transactionals.execute(Transactionals.java:63) ~[na:na]
 at io.cdap.cdap.etl.spark.batch.BatchSparkPipelineDriver.run(BatchSparkPipelineDriver.java:161) ~[na:na]
 at io.cdap.cdap.app.runtime.spark.SparkMainWrapper$.main(SparkMainWrapper.scala:87) ~[na:na]
 at io.cdap.cdap.app.runtime.spark.SparkMainWrapper.main(SparkMainWrapper.scala) ~[na:na]
 at sun.reflect.NativeMethodAccessorImpl.invoke0(Native Method) ~[na:1.8.0_292]
 at sun.reflect.NativeMethodAccessorImpl.invoke(NativeMethodAccessorImpl.java:62) ~[na:1.8.0_292]
 at sun.reflect.DelegatingMethodAccessorImpl.invoke(DelegatingMethodAccessorImpl.java:43) ~[na:1.8.0_292]
 at java.lang.reflect.Method.invoke(Method.java:498) ~[na:1.8.0_292]
 at org.apache.spark.deploy.SparkSubmit$.org$apache$spark$deploy$SparkSubmit$$runMain(SparkSubmit.scala:744) ~[na:na]
 at org.apache.spark.deploy.SparkSubmit$.doRunMain$1(SparkSubmit.scala:187) ~[na:na]
 at org.apache.spark.deploy.SparkSubmit$.submit(SparkSubmit.scala:212) ~[na:na]
 at org.apache.spark.deploy.SparkSubmit$.main(SparkSubmit.scala:126) ~[na:na]
 at org.apache.spark.deploy.SparkSubmit.main(SparkSubmit.scala) ~[na:na]
 at io.cdap.cdap.app.runtime.spark.submit.AbstractSparkSubmitter.submit(AbstractSparkSubmitter.java:198) ~[na:na]
 at io.cdap.cdap.app.runtime.spark.submit.AbstractSparkSubmitter.access$000(AbstractSparkSubmitter.java:56) ~[na:na]
 at io.cdap.cdap.app.runtime.spark.submit.AbstractSparkSubmitter$4.run(AbstractSparkSubmitter.java:111) ~[na:na]
 at java.util.concurrent.Executors$RunnableAdapter.call(Executors.java:511) ~[na:1.8.0_292]
 at java.util.concurrent.FutureTask.run(FutureTask.java:266) ~[na:1.8.0_292]
 at java.util.concurrent.ThreadPoolExecutor.runWorker(ThreadPoolExecutor.java:1149) ~[na:1.8.0_292]
 at java.util.concurrent.ThreadPoolExecutor$Worker.run(ThreadPoolExecutor.java:624) ~[na:1.8.0_292]
 ... 1 common frames omitted
Caused by: java.io.IOException: Failed to get table 'GenericData{classInfo=[datasetId, projectId, tableId], {datasetId=test_automation, projectId=cdf-athena, tableId=DemoCheck1}}'
 at com.google.cloud.hadoop.io.bigquery.BigQueryHelper.getTable(BigQueryHelper.java:294) ~[na:na]
 at io.cdap.plugin.gcp.bigquery.sink.BigQueryOutputFormat$BigQueryOutputCommitter.updateFieldDescriptions(BigQueryOutputFormat.java:692) ~[na:na]
 at io.cdap.plugin.gcp.bigquery.sink.BigQueryOutputFormat$BigQueryOutputCommitter.importFromGcs(BigQueryOutputFormat.java:405) ~[na:na]
 at io.cdap.plugin.gcp.bigquery.sink.BigQueryOutputFormat$BigQueryOutputCommitter.commitJob(BigQueryOutputFormat.java:223) ~[na:na]
 ... 42 common frames omitted
Caused by: com.google.api.client.googleapis.json.GoogleJsonResponseException: 404 Not Found
GET https://bigquery.googleapis.com/bigquery/v2/projects/cdf-athena/datasets/test_automation/tables/DemoCheck1
{
  &quot;code&quot; : 404,
  &quot;errors&quot; : [ {
    &quot;domain&quot; : &quot;global&quot;,
    &quot;message&quot; : &quot;Not found: Table cdf-athena:test_automation.DemoCheck1&quot;,
    &quot;reason&quot; : &quot;notFound&quot;
  } ],
  &quot;message&quot; : &quot;Not found: Table cdf-athena:test_automation.DemoCheck1&quot;,
  &quot;status&quot; : &quot;NOT_FOUND&quot;
}
 at com.google.api.client.googleapis.json.GoogleJsonResponseException.from(GoogleJsonResponseException.java:146) ~[na:na]
 at com.google.api.client.googleapis.services.json.AbstractGoogleJsonClientRequest.newExceptionOnError(AbstractGoogleJsonClientRequest.java:118) ~[na:na]
 at com.google.api.client.googleapis.services.json.AbstractGoogleJsonClientRequest.newExceptionOnError(AbstractGoogleJsonClientRequest.java:37) ~[na:na]
 at com.google.api.client.googleapis.services.AbstractGoogleClientRequest$1.interceptResponse(AbstractGoogleClientRequest.java:428) ~[na:na]
 at com.google.api.client.http.HttpRequest.execute(HttpRequest.java:1111) ~[na:na]
 at com.google.api.client.googleapis.services.AbstractGoogleClientRequest.executeUnparsed(AbstractGoogleClientRequest.java:514) ~[na:na]
 at com.google.api.client.googleapis.services.AbstractGoogleClientRequest.executeUnparsed(AbstractGoogleClientRequest.java:455) ~[na:na]
 at com.google.api.client.googleapis.services.AbstractGoogleClientRequest.execute(AbstractGoogleClientRequest.java:565) ~[na:na]
 at com.google.cloud.hadoop.io.bigquery.BigQueryHelper.getTable(BigQueryHelper.java:292) ~[na:na]
 ... 45 common frames omitted
2021-11-27 10:01:38,665 - DEBUG [pcontroller-program:default.TestPipeline3eeb4535-e843-40af-881b-03acb7cb1b2b.-SNAPSHOT.workflow.DataPipelineWorkflow-ef7443d4-4f68-11ec-8592-36a0d196dc74-2:i.c.c.a.r.AbstractProgramRuntimeService@564] - RuntimeInfo removed: program_run:default.TestPipeline3eeb4535-e843-40af-881b-03acb7cb1b2b.-SNAPSHOT.workflow.DataPipelineWorkflow.ef7443d4-4f68-11ec-8592-36a0d196dc74
2021-11-27 10:01:38,755 - DEBUG [provisioning-task-2:i.c.c.i.p.t.ProvisioningTask@125] - Executing DEPROVISION subtask REQUESTING_DELETE for program run program_run:default.TestPipeline3eeb4535-e843-40af-881b-03acb7cb1b2b.-SNAPSHOT.workflow.DataPipelineWorkflow.ef7443d4-4f68-11ec-8592-36a0d196dc74.
2021-11-27 10:01:38,755 - DEBUG [provisioning-task-2:i.c.c.i.p.t.ProvisioningTask@129] - Completed DEPROVISION subtask REQUESTING_DELETE for program run program_run:default.TestPipeline3eeb4535-e843-40af-881b-03acb7cb1b2b.-SNAPSHOT.workflow.DataPipelineWorkflow.ef7443d4-4f68-11ec-8592-36a0d196dc74.
2021-11-27 10:01:38,772 - DEBUG [provisioning-task-3:i.c.c.i.p.t.ProvisioningTask@116] - Completed DEPROVISION task for program run program_run:default.TestPipeline3eeb4535-e843-40af-881b-03acb7cb1b2b.-SNAPSHOT.workflow.DataPipelineWorkflow.ef7443d4-4f68-11ec-8592-36a0d196dc74.</p></pre>
        </div>
      </div>
  </div>




  <div class="inner-level hooks-step-after">
    <div data-toggle="collapse" class=" collapsed  collapsable-control" data-target="#after-27">

<div class="brief passed">
  <span class="keyword indention">Hooks</span>
  <span class="name"></span>


     <i class="chevron fa fa-fw"></i>
</div>

    </div>

    <div id="after-27" class="inner-level collapse collapsable-details ">
        <div class="hook">
          <div class="brief passed">
            <span class="keyword indention">After</span>
              <span class="location name">AfterActions.tearDown(Scenario)</span>

  <span class="lead-duration duration">0.200</span>

          </div>






  <div class="embeddings inner-level">
  <div class="embedding indention">
    <div data-toggle="collapse" data-target="#embedding-28" class="collapsable-control">
      <a>Attachment 1 (png)</a>
      <a href="embeddings/embedding_950926399.png" download target="_blank">
        <span class="download-button glyphicon glyphicon-download-alt"></span>
      </a>
    </div>
    <div id="embedding-28" class="collapse collapsable-details ">
      <div class="embedding-content">
        <img src="embeddings/embedding_950926399.png">
      </div>
    </div>
  </div>
  </div>

        </div>
    </div>
  </div>

      </div>
      <div class="step">


<div class="brief step-name-Then failed">
  <span class="keyword indention">Then</span>
  <span class="name">Verify the pipeline status is <span class="argument">&quot;Succeeded&quot;</span></span>

  <span class="lead-duration duration">50.056</span>

</div>






  <div class="inner-level">
    <div class="message indention">
      <div data-toggle="collapse" class=" collapsable-control" data-target="#msg-29">
          <a>java.lang.AssertionError</a>
      </div>
      <div id="msg-29" class="collapse collapsable-details  in ">
        <pre>java.lang.AssertionError
	at org.junit.Assert.fail(Assert.java:87)
	at org.junit.Assert.assertTrue(Assert.java:42)
	at org.junit.Assert.assertTrue(Assert.java:53)
	at io.cdap.plugin.gcp.stepsdesign.GCSBasicDemo.verifyThePipelineStatusIs(GCSBasicDemo.java:155)
	at &#10045;.Verify the pipeline status is &quot;Succeeded&quot;(file:src/e2e-test/features/DemoGcs.feature:17)
</pre>
      </div>
    </div>
  </div>










  <div class="inner-level hooks-step-after">
    <div data-toggle="collapse" class=" collapsed  collapsable-control" data-target="#after-30">

<div class="brief passed">
  <span class="keyword indention">Hooks</span>
  <span class="name"></span>


     <i class="chevron fa fa-fw"></i>
</div>

    </div>

    <div id="after-30" class="inner-level collapse collapsable-details ">
        <div class="hook">
          <div class="brief passed">
            <span class="keyword indention">After</span>
              <span class="location name">AfterActions.tearDown(Scenario)</span>

  <span class="lead-duration duration">0.177</span>

          </div>






  <div class="embeddings inner-level">
  <div class="embedding indention">
    <div data-toggle="collapse" data-target="#embedding-31" class="collapsable-control">
      <a>Attachment 1 (png)</a>
      <a href="embeddings/embedding_950926399.png" download target="_blank">
        <span class="download-button glyphicon glyphicon-download-alt"></span>
      </a>
    </div>
    <div id="embedding-31" class="collapse collapsable-details ">
      <div class="embedding-content">
        <img src="embeddings/embedding_950926399.png">
      </div>
    </div>
  </div>
  </div>

        </div>
    </div>
  </div>

      </div>
      <div class="step">


<div class="brief step-name-Then skipped">
  <span class="keyword indention">Then</span>
  <span class="name">validate successMessage is displayed</span>

  <span class="lead-duration duration">0.000</span>

</div>















  <div class="inner-level hooks-step-after">
    <div data-toggle="collapse" class=" collapsable-control" data-target="#after-32">

<div class="brief failed">
  <span class="keyword indention">Hooks</span>
  <span class="name"></span>


     <i class="chevron fa fa-fw"></i>
</div>

    </div>

    <div id="after-32" class="inner-level collapse collapsable-details  in ">
        <div class="hook">
          <div class="brief skipped">
            <span class="keyword indention">After</span>
              <span class="location name">AfterActions.tearDown(Scenario)</span>

  <span class="lead-duration duration">0.000</span>

          </div>







        </div>
    </div>
  </div>

      </div>
      <div class="step">


<div class="brief step-name-Then skipped">
  <span class="keyword indention">Then</span>
  <span class="name">Get Count of no of records transferred to BigQuery in <span class="argument">&quot;tableDemo&quot;</span></span>

  <span class="lead-duration duration">0.000</span>

</div>















  <div class="inner-level hooks-step-after">
    <div data-toggle="collapse" class=" collapsable-control" data-target="#after-33">

<div class="brief failed">
  <span class="keyword indention">Hooks</span>
  <span class="name"></span>


     <i class="chevron fa fa-fw"></i>
</div>

    </div>

    <div id="after-33" class="inner-level collapse collapsable-details  in ">
        <div class="hook">
          <div class="brief skipped">
            <span class="keyword indention">After</span>
              <span class="location name">AfterActions.tearDown(Scenario)</span>

  <span class="lead-duration duration">0.000</span>

          </div>







        </div>
    </div>
  </div>

      </div>
      <div class="step">


<div class="brief step-name-Then skipped">
  <span class="keyword indention">Then</span>
  <span class="name">Delete the table <span class="argument">&quot;tableDemo&quot;</span></span>

  <span class="lead-duration duration">0.000</span>

</div>















  <div class="inner-level hooks-step-after">
    <div data-toggle="collapse" class=" collapsable-control" data-target="#after-34">

<div class="brief failed">
  <span class="keyword indention">Hooks</span>
  <span class="name"></span>


     <i class="chevron fa fa-fw"></i>
</div>

    </div>

    <div id="after-34" class="inner-level collapse collapsable-details  in ">
        <div class="hook">
          <div class="brief skipped">
            <span class="keyword indention">After</span>
              <span class="location name">AfterActions.tearDown(Scenario)</span>

  <span class="lead-duration duration">0.000</span>

          </div>







        </div>
    </div>
  </div>

      </div>
  </div>
</div>





  </div>
</div>

        </div>

      </div>
    </div>
  </div>
</div>


<div class="container-fluid">
  <div class="row">
    <div class="col-md-1 col-md-offset-10">
      <i class="fa fa-chevron-circle-down fa-2x collapsable-control"
        onClick="javascript:$('#report .collapsable-details').collapse('show')"></i>
      <i class="fa fa-chevron-circle-up fa-2x collapsable-control"
        onClick="javascript:$('#report .collapsable-details').collapse('hide')"></i>
    </div>
  </div>
</div>

<br/>

<nav class="navbar navbar-default" id="footer">
  <div class="container-fluid">
    <p class="navbar-text navbar-right">
        <small>generate Cucumber HTML reports via:&nbsp;</small>
        <a class="navbar-link" href="https://github.com/jenkinsci/cucumber-reports-plugin">Jenkins Plugin</a> |
        <a class="navbar-link" href="https://github.com/damianszczepanik/cucumber-reporting">Standalone</a> |
        <a class="navbar-link" href="https://github.com/damianszczepanik/cucumber-sandwich">Sandwich</a> |
        <a class="navbar-link" href="https://github.com/damianszczepanik/maven-cucumber-reporting">Maven</a>
        &nbsp;&nbsp;
    </p>
  </div>
</nav>

</body>
</html>
